<?xml version="1.0" encoding="UTF-8"?>
<!-- Generated by org.testng.reporters.JUnitReportReporter -->
<testsuite hostname="DESKTOP-SPJM3B5" failures="0" tests="1" name="com.keka.testcases.MyFinancePageTest" time="14.258" errors="0" timestamp="2023-03-31T13:39:03 IST" skipped="0">
  <testcase classname="com.keka.testcases.MyFinancePageTest" name="validateSummaryPage" time="14.258"/>
  <system-out/>
</testsuite> <!-- com.keka.testcases.MyFinancePageTest -->
