<?xml version="1.0" encoding="UTF-8"?>
<!-- Generated by org.testng.reporters.JUnitReportReporter -->
<testsuite hostname="DESKTOP-SPJM3B5" failures="0" tests="3" name="com.keka.testcases.LoginPageTest" time="62.356" errors="0" timestamp="2023-04-03T17:19:30 IST" skipped="0">
  <testcase classname="com.keka.testcases.LoginPageTest" name="loginTest" time="20.292"/>
  <system-out/>
  <testcase classname="com.keka.testcases.LoginPageTest" name="loginTest" time="21.288"/>
  <system-out/>
  <testcase classname="com.keka.testcases.LoginPageTest" name="loginTest" time="20.776"/>
  <system-out/>
</testsuite> <!-- com.keka.testcases.LoginPageTest -->
