<?xml version="1.0" encoding="UTF-8"?>
<!-- Generated by org.testng.reporters.JUnitReportReporter -->
<testsuite hostname="DESKTOP-SPJM3B5" failures="0" tests="1" name="com.keka.testcases.MyProfilePageTest" time="30.530" errors="0" timestamp="2023-03-31T14:35:13 IST" skipped="0">
  <testcase classname="com.keka.testcases.MyProfilePageTest" name="validateMyProfilePage" time="30.530"/>
  <system-out/>
</testsuite> <!-- com.keka.testcases.MyProfilePageTest -->
