<?xml version="1.0" encoding="UTF-8"?>
<!-- Generated by org.testng.reporters.JUnitReportReporter -->
<testsuite hostname="DESKTOP-SPJM3B5" failures="0" tests="1" name="com.keka.testcases.OrgPageTest" time="18.382" errors="0" timestamp="2023-03-31T13:39:03 IST" skipped="0">
  <testcase classname="com.keka.testcases.OrgPageTest" name="validateEmployeeDirectoryPage" time="18.382"/>
  <system-out/>
</testsuite> <!-- com.keka.testcases.OrgPageTest -->
