<?xml version="1.0" encoding="UTF-8"?>
<!-- Generated by org.testng.reporters.JUnitReportReporter -->
<testsuite hostname="DESKTOP-SPJM3B5" failures="0" tests="1" name="com.keka.testcases.HomePageTest" time="20.848" errors="0" timestamp="2023-04-27T11:10:05 IST" skipped="0">
  <testcase classname="com.keka.testcases.HomePageTest" name="validateProfileColor" time="20.848"/>
  <system-out/>
</testsuite> <!-- com.keka.testcases.HomePageTest -->
