<?xml version="1.0" encoding="UTF-8"?>
<!-- Generated by org.testng.reporters.JUnitReportReporter -->
<testsuite hostname="DESKTOP-SPJM3B5" failures="0" tests="1" name="com.keka.testcases.LoginPageTest" time="13.166" errors="0" timestamp="2023-03-31T17:36:18 IST" skipped="0">
  <testcase classname="com.keka.testcases.LoginPageTest" name="loginTest" time="13.166"/>
  <system-out/>
</testsuite> <!-- com.keka.testcases.LoginPageTest -->
