<?xml version="1.0" encoding="UTF-8"?>
<!-- Generated by org.testng.reporters.JUnitReportReporter -->
<testsuite hostname="DESKTOP-SPJM3B5" failures="0" tests="1" name="com.mystore.testcases.HomePageTest" time="12.495" errors="0" timestamp="2023-03-06T18:41:31 IST" skipped="0">
  <testcase classname="com.mystore.testcases.HomePageTest" name="validateProfileColor" time="12.495"/>
  <system-out/>
</testsuite> <!-- com.mystore.testcases.HomePageTest -->
